[debug] [2019-11-21T19:12:38.610Z] ----------------------------------------------------------------------
[debug] [2019-11-21T19:12:38.614Z] Command:       C:\Program Files\nodejs\node.exe C:\Users\alexm\AppData\Roaming\npm\node_modules\firebase-tools\lib\bin\firebase.js init
[debug] [2019-11-21T19:12:38.615Z] CLI Version:   7.4.0
[debug] [2019-11-21T19:12:38.615Z] Platform:      win32
[debug] [2019-11-21T19:12:38.615Z] Node Version:  v10.16.0
[debug] [2019-11-21T19:12:38.618Z] Time:          Thu Nov 21 2019 13:12:38 GMT-0600 (GMT-06:00)
[debug] [2019-11-21T19:12:38.618Z] ----------------------------------------------------------------------
[debug] 
[debug] [2019-11-21T19:12:38.753Z] > command requires scopes: ["email","openid","https://www.googleapis.com/auth/cloudplatformprojects.readonly","https://www.googleapis.com/auth/firebase","https://www.googleapis.com/auth/cloud-platform"]
[debug] [2019-11-21T19:12:38.757Z] > authorizing via signed-in user
[info] 
     ######## #### ########  ######## ########     ###     ######  ########
     ##        ##  ##     ## ##       ##     ##  ##   ##  ##       ##
     ######    ##  ########  ######   ########  #########  ######  ######
     ##        ##  ##    ##  ##       ##     ## ##     ##       ## ##
     ##       #### ##     ## ######## ########  ##     ##  ######  ########

You're about to initialize a Firebase project in this directory:

  C:\Users\alexm\Documents\Vue_conversion\pipedriveApp

[info] 
=== Project Setup
[info] 
[info] First, let's associate this project directory with a Firebase project.
[info] You can create multiple project aliases by running firebase use --add, 
[info] but for now we'll just set up a default project.
[info] 
[debug] [2019-11-21T19:15:54.932Z] > refreshing access token with scopes: ["email","https://www.googleapis.com/auth/cloud-platform","https://www.googleapis.com/auth/cloudplatformprojects.readonly","https://www.googleapis.com/auth/firebase","openid"]
[debug] [2019-11-21T19:15:54.934Z] >>> HTTP REQUEST POST https://www.googleapis.com/oauth2/v3/token  
 <request body omitted>
[debug] [2019-11-21T19:15:55.232Z] <<< HTTP RESPONSE 200
[debug] [2019-11-21T19:15:55.347Z] >>> HTTP REQUEST GET https://firebase.googleapis.com/v1beta1/projects?pageSize=100  
 
[debug] [2019-11-21T19:15:55.898Z] <<< HTTP RESPONSE 200
[info] i  Using project pipedrive-app-1882c (Pipedrive App)
[info] 
=== Firestore Setup
[debug] [2019-11-21T19:15:58.173Z] > command requires scopes: ["email","openid","https://www.googleapis.com/auth/cloudplatformprojects.readonly","https://www.googleapis.com/auth/firebase","https://www.googleapis.com/auth/cloud-platform"]
[debug] [2019-11-21T19:15:58.196Z] > authorizing via signed-in user
[debug] [2019-11-21T19:15:58.199Z] >>> HTTP REQUEST GET https://firebase.googleapis.com/v1beta1/projects/pipedrive-app-1882c  
 
[debug] [2019-11-21T19:15:58.533Z] <<< HTTP RESPONSE 200
[info] 
[info] Firestore Security Rules allow you to define how and when to allow
[info] requests. You can keep these rules in your project directory
[info] and publish them with firebase deploy.
[info] 
[debug] [2019-11-21T19:16:00.190Z] >>> HTTP REQUEST GET https://firebaserules.googleapis.com/v1/projects/pipedrive-app-1882c/releases?pageSize=10&pageToken=  
 
[debug] [2019-11-21T19:16:00.648Z] <<< HTTP RESPONSE 200
[debug] [2019-11-21T19:16:00.649Z] Found ruleset: projects/pipedrive-app-1882c/rulesets/ad978e31-e740-457c-aa3c-10e6a19138d5
[debug] [2019-11-21T19:16:00.650Z] >>> HTTP REQUEST GET https://firebaserules.googleapis.com/v1/projects/pipedrive-app-1882c/rulesets/ad978e31-e740-457c-aa3c-10e6a19138d5  
 
[debug] [2019-11-21T19:16:00.952Z] <<< HTTP RESPONSE 200
[info] 
[info] Firestore indexes allow you to perform complex queries while
[info] maintaining performance that scales with the size of the result
[info] set. You can keep index definitions in your project directory
[info] and publish them with firebase deploy.
[info] 
[debug] [2019-11-21T19:16:04.673Z] >>> HTTP REQUEST GET https://firestore.googleapis.com/v1beta2/projects/pipedrive-app-1882c/databases/(default)/collectionGroups/-/indexes  
 
[debug] [2019-11-21T19:16:04.674Z] >>> HTTP REQUEST GET https://firestore.googleapis.com/v1beta2/projects/pipedrive-app-1882c/databases/(default)/collectionGroups/-/fields?filter=indexConfig.usesAncestorConfig=false  
 
[debug] [2019-11-21T19:16:05.167Z] <<< HTTP RESPONSE 200
[debug] [2019-11-21T19:16:05.305Z] <<< HTTP RESPONSE 200
[info] 
=== Hosting Setup
[info] 
[info] Your public directory is the folder (relative to your project directory) that
[info] will contain Hosting assets to be uploaded with firebase deploy. If you
[info] have a build process for your assets, use your build's output directory.
[info] 
[debug] [2019-11-21T19:16:16.848Z] >>> HTTP REQUEST GET https://www.gstatic.com/firebasejs/releases.json  
 
[debug] [2019-11-21T19:16:17.055Z] <<< HTTP RESPONSE 200
